[2024-05-01T09:13:59.983+0000] {taskinstance.py:1979} INFO - Dependencies all met for dep_context=non-requeueable deps ti=<TaskInstance: load_data_to_bq.upload_csv_to_gcs manual__2024-05-01T09:13:43.416893+00:00 [queued]>
[2024-05-01T09:14:00.009+0000] {taskinstance.py:1979} INFO - Dependencies all met for dep_context=requeueable deps ti=<TaskInstance: load_data_to_bq.upload_csv_to_gcs manual__2024-05-01T09:13:43.416893+00:00 [queued]>
[2024-05-01T09:14:00.010+0000] {taskinstance.py:2193} INFO - Starting attempt 1 of 1
[2024-05-01T09:14:00.051+0000] {taskinstance.py:2217} INFO - Executing <Task(PythonOperator): upload_csv_to_gcs> on 2024-05-01 09:13:43.416893+00:00
[2024-05-01T09:14:00.067+0000] {standard_task_runner.py:60} INFO - Started process 53398 to run task
[2024-05-01T09:14:00.078+0000] {standard_task_runner.py:87} INFO - Running: ['***', 'tasks', 'run', 'load_data_to_bq', 'upload_csv_to_gcs', 'manual__2024-05-01T09:13:43.416893+00:00', '--job-id', '1528', '--raw', '--subdir', 'DAGS_FOLDER/get_and_load.py', '--cfg-path', '/tmp/tmpufs326sc']
[2024-05-01T09:14:00.085+0000] {standard_task_runner.py:88} INFO - Job 1528: Subtask upload_csv_to_gcs
[2024-05-01T09:14:00.214+0000] {task_command.py:423} INFO - Running <TaskInstance: load_data_to_bq.upload_csv_to_gcs manual__2024-05-01T09:13:43.416893+00:00 [running]> on host 283945e4dc51
[2024-05-01T09:14:00.519+0000] {taskinstance.py:2513} INFO - Exporting env vars: AIRFLOW_CTX_DAG_OWNER='***' AIRFLOW_CTX_DAG_ID='load_data_to_bq' AIRFLOW_CTX_TASK_ID='upload_csv_to_gcs' AIRFLOW_CTX_EXECUTION_DATE='2024-05-01T09:13:43.416893+00:00' AIRFLOW_CTX_TRY_NUMBER='1' AIRFLOW_CTX_DAG_RUN_ID='manual__2024-05-01T09:13:43.416893+00:00'
[2024-05-01T09:14:00.523+0000] {taskinstance.py:2731} ERROR - Task failed with exception
Traceback (most recent call last):
  File "/home/airflow/.local/lib/python3.8/site-packages/airflow/models/taskinstance.py", line 444, in _execute_task
    result = _execute_callable(context=context, **execute_callable_kwargs)
  File "/home/airflow/.local/lib/python3.8/site-packages/airflow/models/taskinstance.py", line 414, in _execute_callable
    return execute_callable(context=context, **execute_callable_kwargs)
  File "/home/airflow/.local/lib/python3.8/site-packages/airflow/operators/python.py", line 200, in execute
    return_value = self.execute_callable()
  File "/home/airflow/.local/lib/python3.8/site-packages/airflow/operators/python.py", line 217, in execute_callable
    return self.python_callable(*self.op_args, **self.op_kwargs)
TypeError: _upload_to_gcs() missing 2 required positional arguments: 'local_file_path' and 'gcs_object'
[2024-05-01T09:14:00.546+0000] {taskinstance.py:1149} INFO - Marking task as FAILED. dag_id=load_data_to_bq, task_id=upload_csv_to_gcs, execution_date=20240501T091343, start_date=20240501T091359, end_date=20240501T091400
[2024-05-01T09:14:00.578+0000] {standard_task_runner.py:107} ERROR - Failed to execute job 1528 for task upload_csv_to_gcs (_upload_to_gcs() missing 2 required positional arguments: 'local_file_path' and 'gcs_object'; 53398)
[2024-05-01T09:14:00.610+0000] {local_task_job_runner.py:234} INFO - Task exited with return code 1
[2024-05-01T09:14:00.677+0000] {taskinstance.py:3312} INFO - 0 downstream tasks scheduled from follow-on schedule check
