[2024-05-01T09:26:17.362+0000] {taskinstance.py:1979} INFO - Dependencies all met for dep_context=non-requeueable deps ti=<TaskInstance: load_data_to_bq.upload_csv_to_gcs manual__2024-05-01T09:26:00.266506+00:00 [queued]>
[2024-05-01T09:26:17.389+0000] {taskinstance.py:1979} INFO - Dependencies all met for dep_context=requeueable deps ti=<TaskInstance: load_data_to_bq.upload_csv_to_gcs manual__2024-05-01T09:26:00.266506+00:00 [queued]>
[2024-05-01T09:26:17.390+0000] {taskinstance.py:2193} INFO - Starting attempt 1 of 1
[2024-05-01T09:26:17.435+0000] {taskinstance.py:2217} INFO - Executing <Task(PythonOperator): upload_csv_to_gcs> on 2024-05-01 09:26:00.266506+00:00
[2024-05-01T09:26:17.450+0000] {standard_task_runner.py:60} INFO - Started process 54175 to run task
[2024-05-01T09:26:17.461+0000] {standard_task_runner.py:87} INFO - Running: ['***', 'tasks', 'run', 'load_data_to_bq', 'upload_csv_to_gcs', 'manual__2024-05-01T09:26:00.266506+00:00', '--job-id', '1537', '--raw', '--subdir', 'DAGS_FOLDER/get_and_load.py', '--cfg-path', '/tmp/tmp6nbj9_vg']
[2024-05-01T09:26:17.468+0000] {standard_task_runner.py:88} INFO - Job 1537: Subtask upload_csv_to_gcs
[2024-05-01T09:26:17.602+0000] {task_command.py:423} INFO - Running <TaskInstance: load_data_to_bq.upload_csv_to_gcs manual__2024-05-01T09:26:00.266506+00:00 [running]> on host 283945e4dc51
[2024-05-01T09:26:17.946+0000] {taskinstance.py:2513} INFO - Exporting env vars: AIRFLOW_CTX_DAG_OWNER='***' AIRFLOW_CTX_DAG_ID='load_data_to_bq' AIRFLOW_CTX_TASK_ID='upload_csv_to_gcs' AIRFLOW_CTX_EXECUTION_DATE='2024-05-01T09:26:00.266506+00:00' AIRFLOW_CTX_TRY_NUMBER='1' AIRFLOW_CTX_DAG_RUN_ID='manual__2024-05-01T09:26:00.266506+00:00'
[2024-05-01T09:26:17.950+0000] {get_and_load.py:119} INFO - csv dst : staging/data_to_load.csv
[2024-05-01T09:26:17.975+0000] {connection.py:269} WARNING - Connection schemes (type: google_cloud_platform) shall not contain '_' according to RFC3986.
[2024-05-01T09:26:17.988+0000] {base.py:83} INFO - Using connection ID 'my_gcp_conn' for task execution.
[2024-05-01T09:26:18.327+0000] {taskinstance.py:2731} ERROR - Task failed with exception
Traceback (most recent call last):
  File "/home/airflow/.local/lib/python3.8/site-packages/airflow/models/taskinstance.py", line 444, in _execute_task
    result = _execute_callable(context=context, **execute_callable_kwargs)
  File "/home/airflow/.local/lib/python3.8/site-packages/airflow/models/taskinstance.py", line 414, in _execute_callable
    return execute_callable(context=context, **execute_callable_kwargs)
  File "/home/airflow/.local/lib/python3.8/site-packages/airflow/operators/python.py", line 200, in execute
    return_value = self.execute_callable()
  File "/home/airflow/.local/lib/python3.8/site-packages/airflow/operators/python.py", line 217, in execute_callable
    return self.python_callable(*self.op_args, **self.op_kwargs)
  File "/opt/airflow/dags/get_and_load.py", line 128, in _upload_csv_to_gcs
    upload_task.execute(context=None)
  File "/home/airflow/.local/lib/python3.8/site-packages/airflow/providers/google/cloud/transfers/local_to_gcs.py", line 110, in execute
    hook.upload(
  File "/home/airflow/.local/lib/python3.8/site-packages/airflow/providers/google/cloud/hooks/gcs.py", line 551, in upload
    _call_with_retry(
  File "/home/airflow/.local/lib/python3.8/site-packages/airflow/providers/google/cloud/hooks/gcs.py", line 509, in _call_with_retry
    f()
  File "/home/airflow/.local/lib/python3.8/site-packages/google/cloud/storage/blob.py", line 2949, in upload_from_filename
    self._handle_filename_and_upload(
  File "/home/airflow/.local/lib/python3.8/site-packages/google/cloud/storage/blob.py", line 2817, in _handle_filename_and_upload
    with open(filename, "rb") as file_obj:
IsADirectoryError: [Errno 21] Is a directory: '/'
[2024-05-01T09:26:18.369+0000] {taskinstance.py:1149} INFO - Marking task as FAILED. dag_id=load_data_to_bq, task_id=upload_csv_to_gcs, execution_date=20240501T092600, start_date=20240501T092617, end_date=20240501T092618
[2024-05-01T09:26:18.407+0000] {standard_task_runner.py:107} ERROR - Failed to execute job 1537 for task upload_csv_to_gcs ([Errno 21] Is a directory: '/'; 54175)
[2024-05-01T09:26:18.439+0000] {local_task_job_runner.py:234} INFO - Task exited with return code 1
[2024-05-01T09:26:18.540+0000] {taskinstance.py:3312} INFO - 0 downstream tasks scheduled from follow-on schedule check
