[2024-05-01T14:52:59.404+0000] {taskinstance.py:1979} INFO - Dependencies all met for dep_context=non-requeueable deps ti=<TaskInstance: load_data_to_bq.upload_to_gcs scheduled__2024-05-01T04:20:00+00:00 [queued]>
[2024-05-01T14:52:59.454+0000] {taskinstance.py:1979} INFO - Dependencies all met for dep_context=requeueable deps ti=<TaskInstance: load_data_to_bq.upload_to_gcs scheduled__2024-05-01T04:20:00+00:00 [queued]>
[2024-05-01T14:52:59.455+0000] {taskinstance.py:2193} INFO - Starting attempt 1 of 1
[2024-05-01T14:52:59.726+0000] {taskinstance.py:2217} INFO - Executing <Task(PythonOperator): upload_to_gcs> on 2024-05-01 04:20:00+00:00
[2024-05-01T14:52:59.751+0000] {standard_task_runner.py:60} INFO - Started process 222 to run task
[2024-05-01T14:52:59.767+0000] {standard_task_runner.py:87} INFO - Running: ['***', 'tasks', 'run', 'load_data_to_bq', 'upload_to_gcs', 'scheduled__2024-05-01T04:20:00+00:00', '--job-id', '1800', '--raw', '--subdir', 'DAGS_FOLDER/get_and_load.py', '--cfg-path', '/tmp/tmpjpep9u6w']
[2024-05-01T14:52:59.782+0000] {standard_task_runner.py:88} INFO - Job 1800: Subtask upload_to_gcs
[2024-05-01T14:53:00.367+0000] {task_command.py:423} INFO - Running <TaskInstance: load_data_to_bq.upload_to_gcs scheduled__2024-05-01T04:20:00+00:00 [running]> on host 283945e4dc51
[2024-05-01T14:53:03.884+0000] {taskinstance.py:2513} INFO - Exporting env vars: AIRFLOW_CTX_DAG_OWNER='***' AIRFLOW_CTX_DAG_ID='load_data_to_bq' AIRFLOW_CTX_TASK_ID='upload_to_gcs' AIRFLOW_CTX_EXECUTION_DATE='2024-05-01T04:20:00+00:00' AIRFLOW_CTX_TRY_NUMBER='1' AIRFLOW_CTX_DAG_RUN_ID='scheduled__2024-05-01T04:20:00+00:00'
[2024-05-01T14:53:03.945+0000] {connection.py:269} WARNING - Connection schemes (type: google_cloud_platform) shall not contain '_' according to RFC3986.
[2024-05-01T14:53:03.974+0000] {base.py:83} INFO - Using connection ID 'my_gcp_conn' for task execution.
[2024-05-01T14:53:04.634+0000] {taskinstance.py:2731} ERROR - Task failed with exception
Traceback (most recent call last):
  File "/home/airflow/.local/lib/python3.8/site-packages/airflow/models/taskinstance.py", line 444, in _execute_task
    result = _execute_callable(context=context, **execute_callable_kwargs)
  File "/home/airflow/.local/lib/python3.8/site-packages/airflow/models/taskinstance.py", line 414, in _execute_callable
    return execute_callable(context=context, **execute_callable_kwargs)
  File "/home/airflow/.local/lib/python3.8/site-packages/airflow/operators/python.py", line 200, in execute
    return_value = self.execute_callable()
  File "/home/airflow/.local/lib/python3.8/site-packages/airflow/operators/python.py", line 217, in execute_callable
    return self.python_callable(*self.op_args, **self.op_kwargs)
  File "/opt/airflow/dags/get_and_load.py", line 64, in _upload_to_gcs
    upload_task.execute(context=None)
  File "/home/airflow/.local/lib/python3.8/site-packages/airflow/providers/google/cloud/transfers/local_to_gcs.py", line 110, in execute
    hook.upload(
  File "/home/airflow/.local/lib/python3.8/site-packages/airflow/providers/google/cloud/hooks/gcs.py", line 551, in upload
    _call_with_retry(
  File "/home/airflow/.local/lib/python3.8/site-packages/airflow/providers/google/cloud/hooks/gcs.py", line 509, in _call_with_retry
    f()
  File "/home/airflow/.local/lib/python3.8/site-packages/google/cloud/storage/blob.py", line 2949, in upload_from_filename
    self._handle_filename_and_upload(
  File "/home/airflow/.local/lib/python3.8/site-packages/google/cloud/storage/blob.py", line 2819, in _handle_filename_and_upload
    self._prep_and_do_upload(
  File "/home/airflow/.local/lib/python3.8/site-packages/google/cloud/storage/blob.py", line 2627, in _prep_and_do_upload
    created_json = self._do_upload(
  File "/home/airflow/.local/lib/python3.8/site-packages/google/cloud/storage/blob.py", line 2433, in _do_upload
    response = self._do_multipart_upload(
  File "/home/airflow/.local/lib/python3.8/site-packages/google/cloud/storage/blob.py", line 1893, in _do_multipart_upload
    raise ValueError(msg)
ValueError: Size 178580 was specified but the file-like object only had 61440 bytes remaining.
[2024-05-01T14:53:08.800+0000] {taskinstance.py:1149} INFO - Marking task as FAILED. dag_id=load_data_to_bq, task_id=upload_to_gcs, execution_date=20240501T042000, start_date=20240501T145259, end_date=20240501T145308
