[2024-05-01T12:12:41.892+0000] {taskinstance.py:1979} INFO - Dependencies all met for dep_context=non-requeueable deps ti=<TaskInstance: load_data_to_bq.load_data_to_bq manual__2024-05-01T12:12:20.205985+00:00 [queued]>
[2024-05-01T12:12:41.919+0000] {taskinstance.py:1979} INFO - Dependencies all met for dep_context=requeueable deps ti=<TaskInstance: load_data_to_bq.load_data_to_bq manual__2024-05-01T12:12:20.205985+00:00 [queued]>
[2024-05-01T12:12:41.920+0000] {taskinstance.py:2193} INFO - Starting attempt 1 of 1
[2024-05-01T12:12:41.961+0000] {taskinstance.py:2217} INFO - Executing <Task(PythonOperator): load_data_to_bq> on 2024-05-01 12:12:20.205985+00:00
[2024-05-01T12:12:41.976+0000] {standard_task_runner.py:60} INFO - Started process 64973 to run task
[2024-05-01T12:12:41.987+0000] {standard_task_runner.py:87} INFO - Running: ['***', 'tasks', 'run', 'load_data_to_bq', 'load_data_to_bq', 'manual__2024-05-01T12:12:20.205985+00:00', '--job-id', '1724', '--raw', '--subdir', 'DAGS_FOLDER/get_and_load.py', '--cfg-path', '/tmp/tmp8p8_9z2r']
[2024-05-01T12:12:41.993+0000] {standard_task_runner.py:88} INFO - Job 1724: Subtask load_data_to_bq
[2024-05-01T12:12:42.141+0000] {task_command.py:423} INFO - Running <TaskInstance: load_data_to_bq.load_data_to_bq manual__2024-05-01T12:12:20.205985+00:00 [running]> on host 283945e4dc51
[2024-05-01T12:12:42.455+0000] {taskinstance.py:2513} INFO - Exporting env vars: AIRFLOW_CTX_DAG_OWNER='***' AIRFLOW_CTX_DAG_ID='load_data_to_bq' AIRFLOW_CTX_TASK_ID='load_data_to_bq' AIRFLOW_CTX_EXECUTION_DATE='2024-05-01T12:12:20.205985+00:00' AIRFLOW_CTX_TRY_NUMBER='1' AIRFLOW_CTX_DAG_RUN_ID='manual__2024-05-01T12:12:20.205985+00:00'
[2024-05-01T12:12:42.460+0000] {get_and_load.py:137} INFO - *** gcs bucket : ds525-capstone-test-49
[2024-05-01T12:12:42.462+0000] {get_and_load.py:138} INFO - *** gcs_csv_object : staging/data_to_load.csv
[2024-05-01T12:12:42.487+0000] {connection.py:269} WARNING - Connection schemes (type: google_cloud_platform) shall not contain '_' according to RFC3986.
[2024-05-01T12:12:42.499+0000] {base.py:83} INFO - Using connection ID 'my_gcp_conn' for task execution.
[2024-05-01T12:12:42.501+0000] {taskinstance.py:2731} ERROR - Task failed with exception
Traceback (most recent call last):
  File "/home/airflow/.local/lib/python3.8/site-packages/airflow/models/taskinstance.py", line 444, in _execute_task
    result = _execute_callable(context=context, **execute_callable_kwargs)
  File "/home/airflow/.local/lib/python3.8/site-packages/airflow/models/taskinstance.py", line 414, in _execute_callable
    return execute_callable(context=context, **execute_callable_kwargs)
  File "/home/airflow/.local/lib/python3.8/site-packages/airflow/operators/python.py", line 200, in execute
    return_value = self.execute_callable()
  File "/home/airflow/.local/lib/python3.8/site-packages/airflow/operators/python.py", line 217, in execute_callable
    return self.python_callable(*self.op_args, **self.op_kwargs)
  File "/opt/airflow/dags/get_and_load.py", line 170, in _load_data_to_bq
    gcs_to_bq_op.execute(context=None)
  File "/home/airflow/.local/lib/python3.8/site-packages/airflow/providers/google/cloud/transfers/gcs_to_bigquery.py", line 334, in execute
    logical_date=context["logical_date"],
TypeError: 'NoneType' object is not subscriptable
[2024-05-01T12:12:42.525+0000] {taskinstance.py:1149} INFO - Marking task as FAILED. dag_id=load_data_to_bq, task_id=load_data_to_bq, execution_date=20240501T121220, start_date=20240501T121241, end_date=20240501T121242
[2024-05-01T12:12:42.557+0000] {standard_task_runner.py:107} ERROR - Failed to execute job 1724 for task load_data_to_bq ('NoneType' object is not subscriptable; 64973)
[2024-05-01T12:12:42.598+0000] {local_task_job_runner.py:234} INFO - Task exited with return code 1
[2024-05-01T12:12:42.644+0000] {taskinstance.py:3312} INFO - 0 downstream tasks scheduled from follow-on schedule check
