[2024-04-30T19:02:14.122+0000] {taskinstance.py:1979} INFO - Dependencies all met for dep_context=non-requeueable deps ti=<TaskInstance: load_data_to_bq.load_data_to_bq manual__2024-04-30T19:01:57.078522+00:00 [queued]>
[2024-04-30T19:02:14.149+0000] {taskinstance.py:1979} INFO - Dependencies all met for dep_context=requeueable deps ti=<TaskInstance: load_data_to_bq.load_data_to_bq manual__2024-04-30T19:01:57.078522+00:00 [queued]>
[2024-04-30T19:02:14.150+0000] {taskinstance.py:2193} INFO - Starting attempt 1 of 1
[2024-04-30T19:02:14.187+0000] {taskinstance.py:2217} INFO - Executing <Task(PythonOperator): load_data_to_bq> on 2024-04-30 19:01:57.078522+00:00
[2024-04-30T19:02:14.203+0000] {standard_task_runner.py:60} INFO - Started process 1655 to run task
[2024-04-30T19:02:14.213+0000] {standard_task_runner.py:87} INFO - Running: ['***', 'tasks', 'run', 'load_data_to_bq', 'load_data_to_bq', 'manual__2024-04-30T19:01:57.078522+00:00', '--job-id', '1474', '--raw', '--subdir', 'DAGS_FOLDER/get_and_load.py', '--cfg-path', '/tmp/tmpq3hclrmg']
[2024-04-30T19:02:14.220+0000] {standard_task_runner.py:88} INFO - Job 1474: Subtask load_data_to_bq
[2024-04-30T19:02:14.356+0000] {task_command.py:423} INFO - Running <TaskInstance: load_data_to_bq.load_data_to_bq manual__2024-04-30T19:01:57.078522+00:00 [running]> on host 283945e4dc51
[2024-04-30T19:02:14.600+0000] {taskinstance.py:2513} INFO - Exporting env vars: AIRFLOW_CTX_DAG_OWNER='***' AIRFLOW_CTX_DAG_ID='load_data_to_bq' AIRFLOW_CTX_TASK_ID='load_data_to_bq' AIRFLOW_CTX_EXECUTION_DATE='2024-04-30T19:01:57.078522+00:00' AIRFLOW_CTX_TRY_NUMBER='1' AIRFLOW_CTX_DAG_RUN_ID='manual__2024-04-30T19:01:57.078522+00:00'
[2024-04-30T19:02:14.606+0000] {taskinstance.py:2731} ERROR - Task failed with exception
Traceback (most recent call last):
  File "/home/airflow/.local/lib/python3.8/site-packages/airflow/models/taskinstance.py", line 444, in _execute_task
    result = _execute_callable(context=context, **execute_callable_kwargs)
  File "/home/airflow/.local/lib/python3.8/site-packages/airflow/models/taskinstance.py", line 414, in _execute_callable
    return execute_callable(context=context, **execute_callable_kwargs)
  File "/home/airflow/.local/lib/python3.8/site-packages/airflow/operators/python.py", line 200, in execute
    return_value = self.execute_callable()
  File "/home/airflow/.local/lib/python3.8/site-packages/airflow/operators/python.py", line 217, in execute_callable
    return self.python_callable(*self.op_args, **self.op_kwargs)
TypeError: _load_data_to_bq() missing 1 required positional argument: 'csv_output'
[2024-04-30T19:02:14.633+0000] {taskinstance.py:1149} INFO - Marking task as FAILED. dag_id=load_data_to_bq, task_id=load_data_to_bq, execution_date=20240430T190157, start_date=20240430T190214, end_date=20240430T190214
[2024-04-30T19:02:14.666+0000] {standard_task_runner.py:107} ERROR - Failed to execute job 1474 for task load_data_to_bq (_load_data_to_bq() missing 1 required positional argument: 'csv_output'; 1655)
[2024-04-30T19:02:14.705+0000] {local_task_job_runner.py:234} INFO - Task exited with return code 1
[2024-04-30T19:02:14.795+0000] {taskinstance.py:3312} INFO - 0 downstream tasks scheduled from follow-on schedule check
