[2024-05-01T11:18:49.858+0000] {taskinstance.py:1979} INFO - Dependencies all met for dep_context=non-requeueable deps ti=<TaskInstance: load_data_to_bq.load_data_to_bq manual__2024-05-01T11:18:28.631956+00:00 [queued]>
[2024-05-01T11:18:49.888+0000] {taskinstance.py:1979} INFO - Dependencies all met for dep_context=requeueable deps ti=<TaskInstance: load_data_to_bq.load_data_to_bq manual__2024-05-01T11:18:28.631956+00:00 [queued]>
[2024-05-01T11:18:49.889+0000] {taskinstance.py:2193} INFO - Starting attempt 1 of 1
[2024-05-01T11:18:49.934+0000] {taskinstance.py:2217} INFO - Executing <Task(PythonOperator): load_data_to_bq> on 2024-05-01 11:18:28.631956+00:00
[2024-05-01T11:18:49.952+0000] {standard_task_runner.py:60} INFO - Started process 61450 to run task
[2024-05-01T11:18:49.963+0000] {standard_task_runner.py:87} INFO - Running: ['***', 'tasks', 'run', 'load_data_to_bq', 'load_data_to_bq', 'manual__2024-05-01T11:18:28.631956+00:00', '--job-id', '1659', '--raw', '--subdir', 'DAGS_FOLDER/get_and_load.py', '--cfg-path', '/tmp/tmpqeyq5m9h']
[2024-05-01T11:18:49.970+0000] {standard_task_runner.py:88} INFO - Job 1659: Subtask load_data_to_bq
[2024-05-01T11:18:50.100+0000] {task_command.py:423} INFO - Running <TaskInstance: load_data_to_bq.load_data_to_bq manual__2024-05-01T11:18:28.631956+00:00 [running]> on host 283945e4dc51
[2024-05-01T11:18:50.406+0000] {taskinstance.py:2513} INFO - Exporting env vars: AIRFLOW_CTX_DAG_OWNER='***' AIRFLOW_CTX_DAG_ID='load_data_to_bq' AIRFLOW_CTX_TASK_ID='load_data_to_bq' AIRFLOW_CTX_EXECUTION_DATE='2024-05-01T11:18:28.631956+00:00' AIRFLOW_CTX_TRY_NUMBER='1' AIRFLOW_CTX_DAG_RUN_ID='manual__2024-05-01T11:18:28.631956+00:00'
[2024-05-01T11:18:50.412+0000] {get_and_load.py:176} INFO - *** gcs bucket : ds525-capstone-test-49
[2024-05-01T11:18:50.413+0000] {get_and_load.py:177} INFO - *** gcs_csv_object : staging/data_to_load.csv
[2024-05-01T11:18:50.438+0000] {taskinstance.py:2731} ERROR - Task failed with exception
Traceback (most recent call last):
  File "/home/airflow/.local/lib/python3.8/site-packages/airflow/models/taskinstance.py", line 444, in _execute_task
    result = _execute_callable(context=context, **execute_callable_kwargs)
  File "/home/airflow/.local/lib/python3.8/site-packages/airflow/models/taskinstance.py", line 414, in _execute_callable
    return execute_callable(context=context, **execute_callable_kwargs)
  File "/home/airflow/.local/lib/python3.8/site-packages/airflow/operators/python.py", line 200, in execute
    return_value = self.execute_callable()
  File "/home/airflow/.local/lib/python3.8/site-packages/airflow/operators/python.py", line 217, in execute_callable
    return self.python_callable(*self.op_args, **self.op_kwargs)
  File "/opt/airflow/dags/get_and_load.py", line 179, in _load_data_to_bq
    gcsto_bq_op = BigQueryInsertJobOperator(
  File "/home/airflow/.local/lib/python3.8/site-packages/airflow/models/baseoperator.py", line 437, in apply_defaults
    result = func(self, **kwargs, default_args=default_args)
  File "/home/airflow/.local/lib/python3.8/site-packages/airflow/providers/google/cloud/operators/bigquery.py", line 2742, in __init__
    super().__init__(**kwargs)
  File "/home/airflow/.local/lib/python3.8/site-packages/airflow/models/baseoperator.py", line 437, in apply_defaults
    result = func(self, **kwargs, default_args=default_args)
  File "/home/airflow/.local/lib/python3.8/site-packages/airflow/models/baseoperator.py", line 437, in apply_defaults
    result = func(self, **kwargs, default_args=default_args)
  File "/home/airflow/.local/lib/python3.8/site-packages/airflow/models/baseoperator.py", line 793, in __init__
    raise AirflowException(
airflow.exceptions.AirflowException: Invalid arguments were passed to BigQueryInsertJobOperator (task_id: load_to_bigquery). Invalid arguments were:
**kwargs: {'bigquery_conn_id': 'my_bqr_conn'}
[2024-05-01T11:18:50.475+0000] {taskinstance.py:1149} INFO - Marking task as FAILED. dag_id=load_data_to_bq, task_id=load_data_to_bq, execution_date=20240501T111828, start_date=20240501T111849, end_date=20240501T111850
[2024-05-01T11:18:50.508+0000] {standard_task_runner.py:107} ERROR - Failed to execute job 1659 for task load_data_to_bq (Invalid arguments were passed to BigQueryInsertJobOperator (task_id: load_to_bigquery). Invalid arguments were:
**kwargs: {'bigquery_conn_id': 'my_bqr_conn'}; 61450)
[2024-05-01T11:18:50.535+0000] {local_task_job_runner.py:234} INFO - Task exited with return code 1
[2024-05-01T11:18:50.582+0000] {taskinstance.py:3312} INFO - 0 downstream tasks scheduled from follow-on schedule check
